2024-09-19 11:08:31 +0900: This is a test message.
2026-01-14 01:16:18 +0900: This is a test message.
2026-01-14 01:29:49 +0900: This is a test message.
2026-01-14 01:31:31 +0900: This is a test message.
2026-01-14 01:31:40 +0900: Bot function started.
2026-01-14 01:31:40 +0900: weather 6
2026-01-14 01:38:00 +0900: This is a test message.
2026-01-14 01:38:08 +0900: Bot function started.
2026-01-14 01:38:08 +0900: owc 180
2026-01-14 01:38:14 +0900: Bot function started.
2026-01-14 01:38:14 +0900: owc 280
2026-01-14 01:38:37 +0900: Bot function started.
2026-01-14 01:38:37 +0900: weather 6
2026-01-14 01:38:41 +0900: Bot function started.
2026-01-14 01:38:41 +0900: weather 
2026-01-14 01:38:47 +0900: Bot function started.
2026-01-14 01:38:47 +0900: owc 
2026-01-14 01:39:04 +0900: Bot function started.
2026-01-14 01:39:04 +0900: oldworld 
2026-01-14 01:39:08 +0900: Bot function started.
2026-01-14 01:39:08 +0900: oldworld 180
2026-01-14 01:39:16 +0900: Bot function started.
2026-01-14 01:39:16 +0900: c 180
2026-01-14 01:39:21 +0900: Bot function started.
2026-01-14 01:39:21 +0900: cc 180
2026-01-14 01:39:42 +0900: Bot function started.
2026-01-14 01:39:42 +0900: cc 400
2026-01-14 01:40:30 +0900: Bot function started.
2026-01-14 01:40:30 +0900: oldworldclassic 400
2026-01-14 01:40:40 +0900: Bot function started.
2026-01-14 01:40:40 +0900: lven 400
2026-01-14 01:40:45 +0900: Bot function started.
2026-01-14 01:40:45 +0900: elven 400
2026-01-14 01:41:41 +0900: Bot function started.
2026-01-14 01:41:41 +0900: woodland 400
2026-01-14 01:42:09 +0900: Bot function started.
2026-01-14 01:42:09 +0900: htc 400
2026-01-14 01:43:10 +0900: Bot function started.
2026-01-14 01:43:10 +0900: owc 400
2026-01-14 01:43:22 +0900: Bot function started.
2026-01-14 01:43:22 +0900: owc 400
2026-01-14 01:43:27 +0900: Bot function started.
2026-01-14 01:43:27 +0900: owc 400
2026-01-14 01:43:34 +0900: This is a test message.
2026-01-14 01:43:37 +0900: Bot function started.
2026-01-14 01:43:37 +0900: owc 400
2026-01-14 01:44:02 +0900: Bot function started.
2026-01-14 01:44:02 +0900: wsl 400
2026-01-14 01:44:08 +0900: Bot function started.
2026-01-14 01:44:08 +0900: wesl 400
2026-01-14 01:44:45 +0900: Bot function started.
2026-01-14 01:44:45 +0900: cc 400
